<?xml version="1.0" encoding="UTF-8"?>
<!-- Generated by org.testng.reporters.JUnitReportReporter -->
<testsuite hostname="Shravan" failures="0" tests="1" name="com.test.TestExtentReport" time="1.261" errors="0" timestamp="2024-06-03T21:43:21 IST" skipped="0">
  <testcase classname="com.test.TestExtentReport" name="extentTest" time="1.261"/>
</testsuite> <!-- com.test.TestExtentReport -->
