<?xml version="1.0" encoding="UTF-8"?>
<!-- Generated by org.testng.reporters.JUnitReportReporter -->
<testsuite hostname="Shravan" failures="0" tests="5" name="com.test.PostRequest" time="2.945" errors="0" timestamp="2024-05-31T12:18:11 IST" skipped="4">
  <testcase classname="com.test.PostRequest" name="test4" time="2.945"/>
  <testcase classname="com.test.PostRequest" name="ptest">
    <skipped/>
  </testcase> <!-- ptest -->
  <testcase classname="com.test.PostRequest" name="test2">
    <skipped/>
  </testcase> <!-- test2 -->
  <testcase classname="com.test.PostRequest" name="test1">
    <skipped/>
  </testcase> <!-- test1 -->
  <testcase classname="com.test.PostRequest" name="test3">
    <skipped/>
  </testcase> <!-- test3 -->
</testsuite> <!-- com.test.PostRequest -->
