<?xml version="1.0" encoding="UTF-8"?>
<!-- Generated by org.testng.reporters.JUnitReportReporter -->
<testsuite hostname="Shravan" failures="0" tests="1" name="com.test.GetRequest" time="4.129" errors="0" timestamp="2024-06-03T22:01:26 IST" skipped="0">
  <testcase classname="com.test.GetRequest" name="getTest" time="4.129"/>
</testsuite> <!-- com.test.GetRequest -->
