<?xml version="1.0" encoding="UTF-8"?>
<!-- Generated by org.testng.reporters.JUnitReportReporter -->
<testsuite hostname="Shravan" failures="0" tests="1" name="com.test.AssignmentTest" time="3.086" errors="0" timestamp="2024-06-03T16:38:25 IST" skipped="0">
  <testcase classname="com.test.AssignmentTest" name="assignmentTest" time="3.086"/>
</testsuite> <!-- com.test.AssignmentTest -->
